<?xml version="1.0" encoding="UTF-8"?>
<testng-results ignored="0" total="1" passed="1" failed="0" skipped="0">
  <reporter-output>
  </reporter-output>
  <suite started-at="٢٠٢٦-٠٥-٢١T٠٠:١١:١٤ IDT" name="Default suite" finished-at="٢٠٢٦-٠٥-٢١T٠٠:١١:٢٤ IDT" duration-ms="10572">
    <groups>
    </groups>
    <test started-at="٢٠٢٦-٠٥-٢١T٠٠:١١:١٤ IDT" name="Default test" finished-at="٢٠٢٦-٠٥-٢١T٠٠:١١:٢٤ IDT" duration-ms="10572">
      <class name="QABootCamp_MavenProject.tests.SelectableItemsTest">
        <test-method is-config="true" signature="setUp()[pri:0, instance:QABootCamp_MavenProject.tests.SelectableItemsTest@62379589]" started-at="٢٠٢٦-٠٥-٢١T٠٠:١١:١٤ IDT" name="setUp" finished-at="٢٠٢٦-٠٥-٢١T٠٠:١١:١٧ IDT" duration-ms="3810" status="PASS">
          <reporter-output>
          </reporter-output>
        </test-method> <!-- setUp -->
        <test-method signature="testSelectableListAndGrid()[pri:0, instance:QABootCamp_MavenProject.tests.SelectableItemsTest@62379589]" started-at="٢٠٢٦-٠٥-٢١T٠٠:١١:١٧ IDT" name="testSelectableListAndGrid" finished-at="٢٠٢٦-٠٥-٢١T٠٠:١١:٢٤ IDT" duration-ms="6386" status="PASS">
          <reporter-output>
          </reporter-output>
        </test-method> <!-- testSelectableListAndGrid -->
        <test-method is-config="true" signature="tearDown()[pri:0, instance:QABootCamp_MavenProject.tests.SelectableItemsTest@62379589]" started-at="٢٠٢٦-٠٥-٢١T٠٠:١١:٢٤ IDT" name="tearDown" finished-at="٢٠٢٦-٠٥-٢١T٠٠:١١:٢٤ IDT" duration-ms="334" status="PASS">
          <reporter-output>
          </reporter-output>
        </test-method> <!-- tearDown -->
      </class> <!-- QABootCamp_MavenProject.tests.SelectableItemsTest -->
    </test> <!-- Default test -->
  </suite> <!-- Default suite -->
</testng-results>
